<?xml version="1.0" encoding="UTF-8"?>
<testsuite name="org.example.TemperatureConverterTest" tests="2" skipped="0" failures="0" errors="0" timestamp="2023-09-24T07:41:11" hostname="ADELWOLF" time="0.027">
  <properties/>
  <testcase name="testFahrenheitToCelsius()" classname="org.example.TemperatureConverterTest" time="0.025"/>
  <testcase name="testCelsiusToFahrenheit()" classname="org.example.TemperatureConverterTest" time="0.0"/>
  <system-out><![CDATA[]]></system-out>
  <system-err><![CDATA[]]></system-err>
</testsuite>
